<?xml version="1.0" encoding="UTF-8"?>
<!-- Generated by org.testng.reporters.JUnitReportReporter -->
<testsuite hostname="DESKTOP-757EIR7" failures="0" tests="1" name="webTable.WebTableDemo1" time="17.739" errors="0" timestamp="2024-08-23T10:18:54 IST" skipped="0">
  <testcase classname="webTable.WebTableDemo1" name="webtable_Demo1" time="17.739"/>
  <system-out/>
</testsuite> <!-- webTable.WebTableDemo1 -->
